# JRE version: OpenJDK Runtime Environment (8.0_492-b09) (build 1.8.0_492-b09)
# Java VM: OpenJDK 64-Bit Server VM (25.492-b09 mixed mode windows-amd64 compressed oops)
Heap:
 PSYoungGen      total 36864K, used 6530K [0x00000000eba00000, 0x00000000f0200000, 0x0000000100000000)
  eden space 31744K, 6% used [0x00000000eba00000,0x00000000ebc1c488,0x00000000ed900000)
  from space 5120K, 85% used [0x00000000efd00000,0x00000000f01445a0,0x00000000f0200000)
  to   space 2560K, 0% used [0x00000000ed900000,0x00000000ed900000,0x00000000edb80000)
 ParOldGen       total 42496K, used 7265K [0x00000000c2e00000, 0x00000000c5780000, 0x00000000eba00000)
  object space 42496K, 17% used [0x00000000c2e00000,0x00000000c3518638,0x00000000c5780000)
 Metaspace       used 18145K, capacity 18976K, committed 19328K, reserved 1069056K
  class space    used 2462K, capacity 2661K, committed 2688K, reserved 1048576K
GC Heap History (10 events):
Event: 4.434 GC heap before
{Heap before GC invocations=4 (full 0):
 PSYoungGen      total 18432K, used 18421K [0x00000000eba00000, 0x00000000ede00000, 0x0000000100000000)
  eden space 15872K, 100% used [0x00000000eba00000,0x00000000ec980000,0x00000000ec980000)
  from space 2560K, 99% used [0x00000000ec980000,0x00000000ecbfd6f8,0x00000000ecc00000)
  to   space 2560K, 0% used [0x00000000edb80000,0x00000000edb80000,0x00000000ede00000)
 ParOldGen       total 42496K, used 978K [0x00000000c2e00000, 0x00000000c5780000, 0x00000000eba00000)
  object space 42496K, 2% used [0x00000000c2e00000,0x00000000c2ef49c0,0x00000000c5780000)
 Metaspace       used 11044K, capacity 11638K, committed 11904K, reserved 1058816K
  class space    used 1458K, capacity 1635K, committed 1664K, reserved 1048576K
Event: 4.446 GC heap after
Heap after GC invocations=4 (full 0):
 PSYoungGen      total 34304K, used 2549K [0x00000000eba00000, 0x00000000ede00000, 0x0000000100000000)
  eden space 31744K, 0% used [0x00000000eba00000,0x00000000eba00000,0x00000000ed900000)
  from space 2560K, 99% used [0x00000000edb80000,0x00000000eddfd718,0x00000000ede00000)
  to   space 2560K, 0% used [0x00000000ed900000,0x00000000ed900000,0x00000000edb80000)
 ParOldGen       total 42496K, used 2394K [0x00000000c2e00000, 0x00000000c5780000, 0x00000000eba00000)
  object space 42496K, 5% used [0x00000000c2e00000,0x00000000c3056a88,0x00000000c5780000)
 Metaspace       used 11044K, capacity 11638K, committed 11904K, reserved 1058816K
  class space    used 1458K, capacity 1635K, committed 1664K, reserved 1048576K
}
Event: 4.892 GC heap before
{Heap before GC invocations=5 (full 0):
 PSYoungGen      total 34304K, used 34293K [0x00000000eba00000, 0x00000000ede00000, 0x0000000100000000)
  eden space 31744K, 100% used [0x00000000eba00000,0x00000000ed900000,0x00000000ed900000)
  from space 2560K, 99% used [0x00000000edb80000,0x00000000eddfd718,0x00000000ede00000)
  to   space 2560K, 0% used [0x00000000ed900000,0x00000000ed900000,0x00000000edb80000)
 ParOldGen       total 42496K, used 2394K [0x00000000c2e00000, 0x00000000c5780000, 0x00000000eba00000)
  object space 42496K, 5% used [0x00000000c2e00000,0x00000000c3056bd8,0x00000000c5780000)
 Metaspace       used 13518K, capacity 14144K, committed 14336K, reserved 1060864K
  class space    used 1773K, capacity 1950K, committed 2048K, reserved 1048576K
Event: 4.910 GC heap after
Heap after GC invocations=5 (full 0):
 PSYoungGen      total 34304K, used 2549K [0x00000000eba00000, 0x00000000f0200000, 0x0000000100000000)
  eden space 31744K, 0% used [0x00000000eba00000,0x00000000eba00000,0x00000000ed900000)
  from space 2560K, 99% used [0x00000000ed900000,0x00000000edb7d718,0x00000000edb80000)
  to   space 5120K, 0% used [0x00000000efd00000,0x00000000efd00000,0x00000000f0200000)
 ParOldGen       total 42496K, used 4558K [0x00000000c2e00000, 0x00000000c5780000, 0x00000000eba00000)
  object space 42496K, 10% used [0x00000000c2e00000,0x00000000c3273b38,0x00000000c5780000)
 Metaspace       used 13518K, capacity 14144K, committed 14336K, reserved 1060864K
  class space    used 1773K, capacity 1950K, committed 2048K, reserved 1048576K
}
Event: 5.212 GC heap before
{Heap before GC invocations=6 (full 0):
 PSYoungGen      total 34304K, used 34293K [0x00000000eba00000, 0x00000000f0200000, 0x0000000100000000)
  eden space 31744K, 100% used [0x00000000eba00000,0x00000000ed900000,0x00000000ed900000)
  from space 2560K, 99% used [0x00000000ed900000,0x00000000edb7d718,0x00000000edb80000)
  to   space 5120K, 0% used [0x00000000efd00000,0x00000000efd00000,0x00000000f0200000)
 ParOldGen       total 42496K, used 4572K [0x00000000c2e00000, 0x00000000c5780000, 0x00000000eba00000)
  object space 42496K, 10% used [0x00000000c2e00000,0x00000000c3277350,0x00000000c5780000)
 Metaspace       used 15071K, capacity 15834K, committed 16128K, reserved 1062912K
  class space    used 2020K, capacity 2208K, committed 2304K, reserved 1048576K
Event: 5.226 GC heap after
Heap after GC invocations=6 (full 0):
 PSYoungGen      total 36864K, used 4283K [0x00000000eba00000, 0x00000000f0200000, 0x0000000100000000)
  eden space 31744K, 0% used [0x00000000eba00000,0x00000000eba00000,0x00000000ed900000)
  from space 5120K, 83% used [0x00000000efd00000,0x00000000f012ecf8,0x00000000f0200000)
  to   space 2560K, 0% used [0x00000000ed900000,0x00000000ed900000,0x00000000edb80000)
 ParOldGen       total 42496K, used 4580K [0x00000000c2e00000, 0x00000000c5780000, 0x00000000eba00000)
  object space 42496K, 10% used [0x00000000c2e00000,0x00000000c3279350,0x00000000c5780000)
 Metaspace       used 15071K, capacity 15834K, committed 16128K, reserved 1062912K
  class space    used 2020K, capacity 2208K, committed 2304K, reserved 1048576K
}
Event: 5.495 GC heap before
{Heap before GC invocations=7 (full 0):
 PSYoungGen      total 36864K, used 36027K [0x00000000eba00000, 0x00000000f0200000, 0x0000000100000000)
  eden space 31744K, 100% used [0x00000000eba00000,0x00000000ed900000,0x00000000ed900000)
  from space 5120K, 83% used [0x00000000efd00000,0x00000000f012ecf8,0x00000000f0200000)
  to   space 2560K, 0% used [0x00000000ed900000,0x00000000ed900000,0x00000000edb80000)
 ParOldGen       total 42496K, used 4580K [0x00000000c2e00000, 0x00000000c5780000, 0x00000000eba00000)
  object space 42496K, 10% used [0x00000000c2e00000,0x00000000c3279350,0x00000000c5780000)
 Metaspace       used 16174K, capacity 16930K, committed 17024K, reserved 1064960K
  class space    used 2226K, capacity 2416K, committed 2432K, reserved 1048576K
Event: 5.508 GC heap after
Heap after GC invocations=7 (full 0):
 PSYoungGen      total 34304K, used 2546K [0x00000000eba00000, 0x00000000f0200000, 0x0000000100000000)
  eden space 31744K, 0% used [0x00000000eba00000,0x00000000eba00000,0x00000000ed900000)
  from space 2560K, 99% used [0x00000000ed900000,0x00000000edb7cbe0,0x00000000edb80000)
  to   space 5120K, 0% used [0x00000000efd00000,0x00000000efd00000,0x00000000f0200000)
 ParOldGen       total 42496K, used 6485K [0x00000000c2e00000, 0x00000000c5780000, 0x00000000eba00000)
  object space 42496K, 15% used [0x00000000c2e00000,0x00000000c3455628,0x00000000c5780000)
 Metaspace       used 16174K, capacity 16930K, committed 17024K, reserved 1064960K
  class space    used 2226K, capacity 2416K, committed 2432K, reserved 1048576K
}
Event: 6.768 GC heap before
{Heap before GC invocations=8 (full 0):
 PSYoungGen      total 34304K, used 34290K [0x00000000eba00000, 0x00000000f0200000, 0x0000000100000000)
  eden space 31744K, 100% used [0x00000000eba00000,0x00000000ed900000,0x00000000ed900000)
  from space 2560K, 99% used [0x00000000ed900000,0x00000000edb7cbe0,0x00000000edb80000)
  to   space 5120K, 0% used [0x00000000efd00000,0x00000000efd00000,0x00000000f0200000)
 ParOldGen       total 42496K, used 6485K [0x00000000c2e00000, 0x00000000c5780000, 0x00000000eba00000)
  object space 42496K, 15% used [0x00000000c2e00000,0x00000000c3455628,0x00000000c5780000)
 Metaspace       used 18082K, capacity 18912K, committed 19072K, reserved 1069056K
  class space    used 2460K, capacity 2661K, committed 2688K, reserved 1048576K
Event: 6.775 GC heap after
Heap after GC invocations=8 (full 0):
 PSYoungGen      total 36864K, used 4369K [0x00000000eba00000, 0x00000000f0200000, 0x0000000100000000)
  eden space 31744K, 0% used [0x00000000eba00000,0x00000000eba00000,0x00000000ed900000)
  from space 5120K, 85% used [0x00000000efd00000,0x00000000f01445a0,0x00000000f0200000)
  to   space 2560K, 0% used [0x00000000ed900000,0x00000000ed900000,0x00000000edb80000)
 ParOldGen       total 42496K, used 7265K [0x00000000c2e00000, 0x00000000c5780000, 0x00000000eba00000)
  object space 42496K, 17% used [0x00000000c2e00000,0x00000000c3518638,0x00000000c5780000)
 Metaspace       used 18082K, capacity 18912K, committed 19072K, reserved 1069056K
  class space    used 2460K, capacity 2661K, committed 2688K, reserved 1048576K
}

